{"synthetic": false,
 "outputs":
 {"o": ["3546018805567862395"],
  "i": "16210086869224446598",
  "c": "12671631100246400816"},
 "log":
 [{"message":
   ".> LEAN_PATH=/home/stepanie/Downloads/heyting-surreal/WIP/Wolfram_PaperPack/RESEARCHER_BUNDLE/.lake/packages/Cli/.lake/build/lib/lean:/home/stepanie/Downloads/heyting-surreal/WIP/Wolfram_PaperPack/RESEARCHER_BUNDLE/.lake/packages/mathlib/.lake/build/lib/lean:/home/stepanie/Downloads/heyting-surreal/WIP/Wolfram_PaperPack/RESEARCHER_BUNDLE/.lake/packages/plausible/.lake/build/lib/lean:/home/stepanie/Downloads/heyting-surreal/WIP/Wolfram_PaperPack/RESEARCHER_BUNDLE/.lake/packages/LeanSearchClient/.lake/build/lib/lean:/home/stepanie/Downloads/heyting-surreal/WIP/Wolfram_PaperPack/RESEARCHER_BUNDLE/.lake/packages/importGraph/.lake/build/lib/lean:/home/stepanie/Downloads/heyting-surreal/WIP/Wolfram_PaperPack/RESEARCHER_BUNDLE/.lake/packages/proofwidgets/.lake/build/lib/lean:/home/stepanie/Downloads/heyting-surreal/WIP/Wolfram_PaperPack/RESEARCHER_BUNDLE/.lake/packages/aesop/.lake/build/lib/lean:/home/stepanie/Downloads/heyting-surreal/WIP/Wolfram_PaperPack/RESEARCHER_BUNDLE/.lake/packages/Qq/.lake/build/lib/lean:/home/stepanie/Downloads/heyting-surreal/WIP/Wolfram_PaperPack/RESEARCHER_BUNDLE/.lake/packages/batteries/.lake/build/lib/lean:/home/stepanie/Downloads/heyting-surreal/WIP/Wolfram_PaperPack/RESEARCHER_BUNDLE/.lake/build/lib/lean /home/stepanie/.elan/toolchains/leanprover--lean4---v4.24.0/bin/lean /home/stepanie/Downloads/heyting-surreal/WIP/Wolfram_PaperPack/RESEARCHER_BUNDLE/HeytingLean/WPP/Multiway.lean -o /home/stepanie/Downloads/heyting-surreal/WIP/Wolfram_PaperPack/RESEARCHER_BUNDLE/.lake/build/lib/lean/HeytingLean/WPP/Multiway.olean -i /home/stepanie/Downloads/heyting-surreal/WIP/Wolfram_PaperPack/RESEARCHER_BUNDLE/.lake/build/lib/lean/HeytingLean/WPP/Multiway.ilean -c /home/stepanie/Downloads/heyting-surreal/WIP/Wolfram_PaperPack/RESEARCHER_BUNDLE/.lake/build/ir/HeytingLean/WPP/Multiway.c --setup /home/stepanie/Downloads/heyting-surreal/WIP/Wolfram_PaperPack/RESEARCHER_BUNDLE/.lake/build/ir/HeytingLean/WPP/Multiway.setup.json --json",
   "level": "trace"}],
 "inputs":
 [["HeytingLean.WPP.Multiway:deps",
   [["deps",
     [["WolframBundle/HeytingLean:extraDep",
       [["@WolframBundle:extraDep", "1723"]]],
      ["imports",
       [["Mathlib.Data.Set.Lattice transitive imports (legacy)",
         "2071420942023745412"],
        ["Mathlib.Data.Set.Lattice:importAllArts", "1055100760957483784"],
        ["Mathlib.Data.Finset.Basic transitive imports (legacy)",
         "2666635428974090783"],
        ["Mathlib.Data.Finset.Basic:importAllArts", "4354275028902705035"],
        ["Mathlib.Order.Nucleus transitive imports (legacy)",
         "559900047928912348"],
        ["Mathlib.Order.Nucleus:importAllArts", "13240995042350942800"]]]]],
    ["libs",
     [["import dynlibs", "1723"],
      ["package external libraries", "1723"],
      ["module dynlibs", "1723"],
      ["module plugins", "1723"]]]]],
  ["Lean 4.24.0, commit 797c613eb9b6d4ec95db23e3e00af9ac6657f24b",
   "1165570713881806064"],
  ["/home/stepanie/Downloads/heyting-surreal/WIP/Wolfram_PaperPack/RESEARCHER_BUNDLE/HeytingLean/WPP/Multiway.lean",
   "11485150984598172955"],
  ["options", "1723"],
  ["Module.leanArgs: #[]", "1723"]],
 "depHash": "15223860865247153321"}