{"synthetic": false,
 "outputs":
 {"o": ["6535469834409103772"],
  "i": "10859896404891500547",
  "c": "3183603717459866515"},
 "log":
 [{"message":
   ".> LEAN_PATH=/home/stepanie/Downloads/heyting-surreal/WIP/Wolfram_PaperPack/RESEARCHER_BUNDLE/.lake/packages/Cli/.lake/build/lib/lean:/home/stepanie/Downloads/heyting-surreal/WIP/Wolfram_PaperPack/RESEARCHER_BUNDLE/.lake/packages/mathlib/.lake/build/lib/lean:/home/stepanie/Downloads/heyting-surreal/WIP/Wolfram_PaperPack/RESEARCHER_BUNDLE/.lake/packages/plausible/.lake/build/lib/lean:/home/stepanie/Downloads/heyting-surreal/WIP/Wolfram_PaperPack/RESEARCHER_BUNDLE/.lake/packages/LeanSearchClient/.lake/build/lib/lean:/home/stepanie/Downloads/heyting-surreal/WIP/Wolfram_PaperPack/RESEARCHER_BUNDLE/.lake/packages/importGraph/.lake/build/lib/lean:/home/stepanie/Downloads/heyting-surreal/WIP/Wolfram_PaperPack/RESEARCHER_BUNDLE/.lake/packages/proofwidgets/.lake/build/lib/lean:/home/stepanie/Downloads/heyting-surreal/WIP/Wolfram_PaperPack/RESEARCHER_BUNDLE/.lake/packages/aesop/.lake/build/lib/lean:/home/stepanie/Downloads/heyting-surreal/WIP/Wolfram_PaperPack/RESEARCHER_BUNDLE/.lake/packages/Qq/.lake/build/lib/lean:/home/stepanie/Downloads/heyting-surreal/WIP/Wolfram_PaperPack/RESEARCHER_BUNDLE/.lake/packages/batteries/.lake/build/lib/lean:/home/stepanie/Downloads/heyting-surreal/WIP/Wolfram_PaperPack/RESEARCHER_BUNDLE/.lake/build/lib/lean /home/stepanie/.elan/toolchains/leanprover--lean4---v4.24.0/bin/lean /home/stepanie/Downloads/heyting-surreal/WIP/Wolfram_PaperPack/RESEARCHER_BUNDLE/HeytingLean/LambdaIR/NatCompileFragCorrectness.lean -o /home/stepanie/Downloads/heyting-surreal/WIP/Wolfram_PaperPack/RESEARCHER_BUNDLE/.lake/build/lib/lean/HeytingLean/LambdaIR/NatCompileFragCorrectness.olean -i /home/stepanie/Downloads/heyting-surreal/WIP/Wolfram_PaperPack/RESEARCHER_BUNDLE/.lake/build/lib/lean/HeytingLean/LambdaIR/NatCompileFragCorrectness.ilean -c /home/stepanie/Downloads/heyting-surreal/WIP/Wolfram_PaperPack/RESEARCHER_BUNDLE/.lake/build/ir/HeytingLean/LambdaIR/NatCompileFragCorrectness.c --setup /home/stepanie/Downloads/heyting-surreal/WIP/Wolfram_PaperPack/RESEARCHER_BUNDLE/.lake/build/ir/HeytingLean/LambdaIR/NatCompileFragCorrectness.setup.json --json",
   "level": "trace"}],
 "inputs":
 [["HeytingLean.LambdaIR.NatCompileFragCorrectness:deps",
   [["deps",
     [["WolframBundle/HeytingLean:extraDep",
       [["@WolframBundle:extraDep", "1723"]]],
      ["imports",
       [["HeytingLean.Core.Types transitive imports (legacy)", "1723"],
        ["HeytingLean.Core.Types:importAllArts", "6119029678905160448"],
        ["HeytingLean.Core.SemanticsBase transitive imports (legacy)",
         "9495752913648131549"],
        ["HeytingLean.Core.SemanticsBase:importAllArts",
         "17467480576177318490"],
        ["HeytingLean.LambdaIR.NatFunFragment transitive imports (legacy)",
         "7475971734571611427"],
        ["HeytingLean.LambdaIR.NatFunFragment:importAllArts",
         "13842301669048611044"],
        ["HeytingLean.LambdaIR.NatCompileFrag transitive imports (legacy)",
         "16920601689347865680"],
        ["HeytingLean.LambdaIR.NatCompileFrag:importAllArts",
         "13848021957710180691"],
        ["HeytingLean.LambdaIR.Semantics transitive imports (legacy)",
         "15509662378802622711"],
        ["HeytingLean.LambdaIR.Semantics:importAllArts", "594828160108181111"],
        ["HeytingLean.LambdaIR.NatIntEqLemmas transitive imports (legacy)",
         "1723"],
        ["HeytingLean.LambdaIR.NatIntEqLemmas:importAllArts",
         "11107150931787075874"],
        ["HeytingLean.MiniC.Semantics transitive imports (legacy)",
         "12900442289471941529"],
        ["HeytingLean.MiniC.Semantics:importAllArts",
         "5286070892057089452"]]]]],
    ["libs",
     [["import dynlibs", "1723"],
      ["package external libraries", "1723"],
      ["module dynlibs", "1723"],
      ["module plugins", "1723"]]]]],
  ["Lean 4.24.0, commit 797c613eb9b6d4ec95db23e3e00af9ac6657f24b",
   "1165570713881806064"],
  ["/home/stepanie/Downloads/heyting-surreal/WIP/Wolfram_PaperPack/RESEARCHER_BUNDLE/HeytingLean/LambdaIR/NatCompileFragCorrectness.lean",
   "13635249720241149471"],
  ["options", "1723"],
  ["Module.leanArgs: #[]", "1723"]],
 "depHash": "648647887980264832"}