{"synthetic": false,
 "outputs":
 {"o": ["4400343046750485870"],
  "i": "7041914315306217640",
  "c": "13138961731880177503"},
 "log":
 [{"message":
   ".> LEAN_PATH=/home/stepanie/Downloads/heyting-surreal/WIP/Wolfram_PaperPack/RESEARCHER_BUNDLE/.lake/packages/Cli/.lake/build/lib/lean:/home/stepanie/Downloads/heyting-surreal/WIP/Wolfram_PaperPack/RESEARCHER_BUNDLE/.lake/packages/mathlib/.lake/build/lib/lean:/home/stepanie/Downloads/heyting-surreal/WIP/Wolfram_PaperPack/RESEARCHER_BUNDLE/.lake/packages/plausible/.lake/build/lib/lean:/home/stepanie/Downloads/heyting-surreal/WIP/Wolfram_PaperPack/RESEARCHER_BUNDLE/.lake/packages/LeanSearchClient/.lake/build/lib/lean:/home/stepanie/Downloads/heyting-surreal/WIP/Wolfram_PaperPack/RESEARCHER_BUNDLE/.lake/packages/importGraph/.lake/build/lib/lean:/home/stepanie/Downloads/heyting-surreal/WIP/Wolfram_PaperPack/RESEARCHER_BUNDLE/.lake/packages/proofwidgets/.lake/build/lib/lean:/home/stepanie/Downloads/heyting-surreal/WIP/Wolfram_PaperPack/RESEARCHER_BUNDLE/.lake/packages/aesop/.lake/build/lib/lean:/home/stepanie/Downloads/heyting-surreal/WIP/Wolfram_PaperPack/RESEARCHER_BUNDLE/.lake/packages/Qq/.lake/build/lib/lean:/home/stepanie/Downloads/heyting-surreal/WIP/Wolfram_PaperPack/RESEARCHER_BUNDLE/.lake/packages/batteries/.lake/build/lib/lean:/home/stepanie/Downloads/heyting-surreal/WIP/Wolfram_PaperPack/RESEARCHER_BUNDLE/.lake/build/lib/lean /home/stepanie/.elan/toolchains/leanprover--lean4---v4.24.0/bin/lean /home/stepanie/Downloads/heyting-surreal/WIP/Wolfram_PaperPack/RESEARCHER_BUNDLE/HeytingLean/LambdaIR/NatCompileFrag.lean -o /home/stepanie/Downloads/heyting-surreal/WIP/Wolfram_PaperPack/RESEARCHER_BUNDLE/.lake/build/lib/lean/HeytingLean/LambdaIR/NatCompileFrag.olean -i /home/stepanie/Downloads/heyting-surreal/WIP/Wolfram_PaperPack/RESEARCHER_BUNDLE/.lake/build/lib/lean/HeytingLean/LambdaIR/NatCompileFrag.ilean -c /home/stepanie/Downloads/heyting-surreal/WIP/Wolfram_PaperPack/RESEARCHER_BUNDLE/.lake/build/ir/HeytingLean/LambdaIR/NatCompileFrag.c --setup /home/stepanie/Downloads/heyting-surreal/WIP/Wolfram_PaperPack/RESEARCHER_BUNDLE/.lake/build/ir/HeytingLean/LambdaIR/NatCompileFrag.setup.json --json",
   "level": "trace"}],
 "inputs":
 [["HeytingLean.LambdaIR.NatCompileFrag:deps",
   [["deps",
     [["WolframBundle/HeytingLean:extraDep",
       [["@WolframBundle:extraDep", "1723"]]],
      ["imports",
       [["HeytingLean.Core.Types transitive imports (legacy)", "1723"],
        ["HeytingLean.Core.Types:importAllArts", "6119029678905160448"],
        ["HeytingLean.LambdaIR.Syntax transitive imports (legacy)",
         "9495752913648131549"],
        ["HeytingLean.LambdaIR.Syntax:importAllArts", "8896892440561076835"],
        ["HeytingLean.LambdaIR.NatFunFragment transitive imports (legacy)",
         "7475971734571611427"],
        ["HeytingLean.LambdaIR.NatFunFragment:importAllArts",
         "13842301669048611044"],
        ["HeytingLean.LambdaIR.Semantics transitive imports (legacy)",
         "15509662378802622711"],
        ["HeytingLean.LambdaIR.Semantics:importAllArts", "594828160108181111"],
        ["HeytingLean.MiniC.Syntax transitive imports (legacy)", "1723"],
        ["HeytingLean.MiniC.Syntax:importAllArts", "3305423192474663296"],
        ["HeytingLean.MiniC.Semantics transitive imports (legacy)",
         "12900442289471941529"],
        ["HeytingLean.MiniC.Semantics:importAllArts",
         "5286070892057089452"]]]]],
    ["libs",
     [["import dynlibs", "1723"],
      ["package external libraries", "1723"],
      ["module dynlibs", "1723"],
      ["module plugins", "1723"]]]]],
  ["Lean 4.24.0, commit 797c613eb9b6d4ec95db23e3e00af9ac6657f24b",
   "1165570713881806064"],
  ["/home/stepanie/Downloads/heyting-surreal/WIP/Wolfram_PaperPack/RESEARCHER_BUNDLE/HeytingLean/LambdaIR/NatCompileFrag.lean",
   "11937439246285808839"],
  ["options", "1723"],
  ["Module.leanArgs: #[]", "1723"]],
 "depHash": "1281050103920552489"}