{"synthetic": false,
 "outputs":
 {"o": ["38976490304406773"],
  "i": "79065507781540070",
  "c": "16578522333114711419"},
 "log":
 [{"message":
   ".> LEAN_PATH=/home/stepanie/Downloads/heyting-surreal/WIP/Wolfram_PaperPack/RESEARCHER_BUNDLE/.lake/packages/Cli/.lake/build/lib/lean:/home/stepanie/Downloads/heyting-surreal/WIP/Wolfram_PaperPack/RESEARCHER_BUNDLE/.lake/packages/mathlib/.lake/build/lib/lean:/home/stepanie/Downloads/heyting-surreal/WIP/Wolfram_PaperPack/RESEARCHER_BUNDLE/.lake/packages/plausible/.lake/build/lib/lean:/home/stepanie/Downloads/heyting-surreal/WIP/Wolfram_PaperPack/RESEARCHER_BUNDLE/.lake/packages/LeanSearchClient/.lake/build/lib/lean:/home/stepanie/Downloads/heyting-surreal/WIP/Wolfram_PaperPack/RESEARCHER_BUNDLE/.lake/packages/importGraph/.lake/build/lib/lean:/home/stepanie/Downloads/heyting-surreal/WIP/Wolfram_PaperPack/RESEARCHER_BUNDLE/.lake/packages/proofwidgets/.lake/build/lib/lean:/home/stepanie/Downloads/heyting-surreal/WIP/Wolfram_PaperPack/RESEARCHER_BUNDLE/.lake/packages/aesop/.lake/build/lib/lean:/home/stepanie/Downloads/heyting-surreal/WIP/Wolfram_PaperPack/RESEARCHER_BUNDLE/.lake/packages/Qq/.lake/build/lib/lean:/home/stepanie/Downloads/heyting-surreal/WIP/Wolfram_PaperPack/RESEARCHER_BUNDLE/.lake/packages/batteries/.lake/build/lib/lean:/home/stepanie/Downloads/heyting-surreal/WIP/Wolfram_PaperPack/RESEARCHER_BUNDLE/.lake/build/lib/lean /home/stepanie/.elan/toolchains/leanprover--lean4---v4.24.0/bin/lean /home/stepanie/Downloads/heyting-surreal/WIP/Wolfram_PaperPack/RESEARCHER_BUNDLE/HeytingLean/WPP/Wolfram/CausalGraphLabeled.lean -o /home/stepanie/Downloads/heyting-surreal/WIP/Wolfram_PaperPack/RESEARCHER_BUNDLE/.lake/build/lib/lean/HeytingLean/WPP/Wolfram/CausalGraphLabeled.olean -i /home/stepanie/Downloads/heyting-surreal/WIP/Wolfram_PaperPack/RESEARCHER_BUNDLE/.lake/build/lib/lean/HeytingLean/WPP/Wolfram/CausalGraphLabeled.ilean -c /home/stepanie/Downloads/heyting-surreal/WIP/Wolfram_PaperPack/RESEARCHER_BUNDLE/.lake/build/ir/HeytingLean/WPP/Wolfram/CausalGraphLabeled.c --setup /home/stepanie/Downloads/heyting-surreal/WIP/Wolfram_PaperPack/RESEARCHER_BUNDLE/.lake/build/ir/HeytingLean/WPP/Wolfram/CausalGraphLabeled.setup.json --json",
   "level": "trace"}],
 "inputs":
 [["HeytingLean.WPP.Wolfram.CausalGraphLabeled:deps",
   [["deps",
     [["WolframBundle/HeytingLean:extraDep",
       [["@WolframBundle:extraDep", "1723"]]],
      ["imports",
       [["Mathlib.Data.Multiset.UnionInter transitive imports (legacy)",
         "10597727094286183666"],
        ["Mathlib.Data.Multiset.UnionInter:importAllArts",
         "12403833248044790861"],
        ["HeytingLean.WPP.Wolfram.CausalGraph transitive imports (legacy)",
         "10034519108534440479"],
        ["HeytingLean.WPP.Wolfram.CausalGraph:importAllArts",
         "8916090581937614481"]]]]],
    ["libs",
     [["import dynlibs", "1723"],
      ["package external libraries", "1723"],
      ["module dynlibs", "1723"],
      ["module plugins", "1723"]]]]],
  ["Lean 4.24.0, commit 797c613eb9b6d4ec95db23e3e00af9ac6657f24b",
   "1165570713881806064"],
  ["/home/stepanie/Downloads/heyting-surreal/WIP/Wolfram_PaperPack/RESEARCHER_BUNDLE/HeytingLean/WPP/Wolfram/CausalGraphLabeled.lean",
   "16200159739214716428"],
  ["options", "1723"],
  ["Module.leanArgs: #[]", "1723"]],
 "depHash": "14628267889881328389"}