{"synthetic": false,
 "outputs":
 {"o": ["10046720452051711903"],
  "i": "1982315010967439250",
  "c": "12239376722105772504"},
 "log":
 [{"message":
   ".> LEAN_PATH=/home/stepanie/Downloads/heyting-surreal/WIP/Wolfram_PaperPack/RESEARCHER_BUNDLE/.lake/packages/Cli/.lake/build/lib/lean:/home/stepanie/Downloads/heyting-surreal/WIP/Wolfram_PaperPack/RESEARCHER_BUNDLE/.lake/packages/mathlib/.lake/build/lib/lean:/home/stepanie/Downloads/heyting-surreal/WIP/Wolfram_PaperPack/RESEARCHER_BUNDLE/.lake/packages/plausible/.lake/build/lib/lean:/home/stepanie/Downloads/heyting-surreal/WIP/Wolfram_PaperPack/RESEARCHER_BUNDLE/.lake/packages/LeanSearchClient/.lake/build/lib/lean:/home/stepanie/Downloads/heyting-surreal/WIP/Wolfram_PaperPack/RESEARCHER_BUNDLE/.lake/packages/importGraph/.lake/build/lib/lean:/home/stepanie/Downloads/heyting-surreal/WIP/Wolfram_PaperPack/RESEARCHER_BUNDLE/.lake/packages/proofwidgets/.lake/build/lib/lean:/home/stepanie/Downloads/heyting-surreal/WIP/Wolfram_PaperPack/RESEARCHER_BUNDLE/.lake/packages/aesop/.lake/build/lib/lean:/home/stepanie/Downloads/heyting-surreal/WIP/Wolfram_PaperPack/RESEARCHER_BUNDLE/.lake/packages/Qq/.lake/build/lib/lean:/home/stepanie/Downloads/heyting-surreal/WIP/Wolfram_PaperPack/RESEARCHER_BUNDLE/.lake/packages/batteries/.lake/build/lib/lean:/home/stepanie/Downloads/heyting-surreal/WIP/Wolfram_PaperPack/RESEARCHER_BUNDLE/.lake/build/lib/lean /home/stepanie/.elan/toolchains/leanprover--lean4---v4.24.0/bin/lean /home/stepanie/Downloads/heyting-surreal/WIP/Wolfram_PaperPack/RESEARCHER_BUNDLE/HeytingLean/WPP/Wolfram/ConfluenceTheory.lean -o /home/stepanie/Downloads/heyting-surreal/WIP/Wolfram_PaperPack/RESEARCHER_BUNDLE/.lake/build/lib/lean/HeytingLean/WPP/Wolfram/ConfluenceTheory.olean -i /home/stepanie/Downloads/heyting-surreal/WIP/Wolfram_PaperPack/RESEARCHER_BUNDLE/.lake/build/lib/lean/HeytingLean/WPP/Wolfram/ConfluenceTheory.ilean -c /home/stepanie/Downloads/heyting-surreal/WIP/Wolfram_PaperPack/RESEARCHER_BUNDLE/.lake/build/ir/HeytingLean/WPP/Wolfram/ConfluenceTheory.c --setup /home/stepanie/Downloads/heyting-surreal/WIP/Wolfram_PaperPack/RESEARCHER_BUNDLE/.lake/build/ir/HeytingLean/WPP/Wolfram/ConfluenceTheory.setup.json --json",
   "level": "trace"}],
 "inputs":
 [["HeytingLean.WPP.Wolfram.ConfluenceTheory:deps",
   [["deps",
     [["WolframBundle/HeytingLean:extraDep",
       [["@WolframBundle:extraDep", "1723"]]],
      ["imports",
       [["Mathlib.Logic.Relation transitive imports (legacy)",
         "12570889843982367273"],
        ["Mathlib.Logic.Relation:importAllArts", "11554991104493022690"],
        ["HeytingLean.WPP.Wolfram.Rewrite transitive imports (legacy)",
         "17456955115895444196"],
        ["HeytingLean.WPP.Wolfram.Rewrite:importAllArts",
         "16270716460178078027"]]]]],
    ["libs",
     [["import dynlibs", "1723"],
      ["package external libraries", "1723"],
      ["module dynlibs", "1723"],
      ["module plugins", "1723"]]]]],
  ["Lean 4.24.0, commit 797c613eb9b6d4ec95db23e3e00af9ac6657f24b",
   "1165570713881806064"],
  ["/home/stepanie/Downloads/heyting-surreal/WIP/Wolfram_PaperPack/RESEARCHER_BUNDLE/HeytingLean/WPP/Wolfram/ConfluenceTheory.lean",
   "2724563331503980451"],
  ["options", "1723"],
  ["Module.leanArgs: #[]", "1723"]],
 "depHash": "17351305525211874329"}