{"synthetic": false,
 "outputs":
 {"o": ["4828182892012313879"],
  "i": "4092972281321932073",
  "c": "4639697691686572944"},
 "log":
 [{"message":
   ".> LEAN_PATH=/home/stepanie/Downloads/heyting-surreal/WIP/Wolfram_PaperPack/RESEARCHER_BUNDLE/.lake/packages/Cli/.lake/build/lib/lean:/home/stepanie/Downloads/heyting-surreal/WIP/Wolfram_PaperPack/RESEARCHER_BUNDLE/.lake/packages/mathlib/.lake/build/lib/lean:/home/stepanie/Downloads/heyting-surreal/WIP/Wolfram_PaperPack/RESEARCHER_BUNDLE/.lake/packages/plausible/.lake/build/lib/lean:/home/stepanie/Downloads/heyting-surreal/WIP/Wolfram_PaperPack/RESEARCHER_BUNDLE/.lake/packages/LeanSearchClient/.lake/build/lib/lean:/home/stepanie/Downloads/heyting-surreal/WIP/Wolfram_PaperPack/RESEARCHER_BUNDLE/.lake/packages/importGraph/.lake/build/lib/lean:/home/stepanie/Downloads/heyting-surreal/WIP/Wolfram_PaperPack/RESEARCHER_BUNDLE/.lake/packages/proofwidgets/.lake/build/lib/lean:/home/stepanie/Downloads/heyting-surreal/WIP/Wolfram_PaperPack/RESEARCHER_BUNDLE/.lake/packages/aesop/.lake/build/lib/lean:/home/stepanie/Downloads/heyting-surreal/WIP/Wolfram_PaperPack/RESEARCHER_BUNDLE/.lake/packages/Qq/.lake/build/lib/lean:/home/stepanie/Downloads/heyting-surreal/WIP/Wolfram_PaperPack/RESEARCHER_BUNDLE/.lake/packages/batteries/.lake/build/lib/lean:/home/stepanie/Downloads/heyting-surreal/WIP/Wolfram_PaperPack/RESEARCHER_BUNDLE/.lake/build/lib/lean /home/stepanie/.elan/toolchains/leanprover--lean4---v4.24.0/bin/lean /home/stepanie/Downloads/heyting-surreal/WIP/Wolfram_PaperPack/RESEARCHER_BUNDLE/HeytingLean/WPP/Wolfram/RewriteFresh.lean -o /home/stepanie/Downloads/heyting-surreal/WIP/Wolfram_PaperPack/RESEARCHER_BUNDLE/.lake/build/lib/lean/HeytingLean/WPP/Wolfram/RewriteFresh.olean -i /home/stepanie/Downloads/heyting-surreal/WIP/Wolfram_PaperPack/RESEARCHER_BUNDLE/.lake/build/lib/lean/HeytingLean/WPP/Wolfram/RewriteFresh.ilean -c /home/stepanie/Downloads/heyting-surreal/WIP/Wolfram_PaperPack/RESEARCHER_BUNDLE/.lake/build/ir/HeytingLean/WPP/Wolfram/RewriteFresh.c --setup /home/stepanie/Downloads/heyting-surreal/WIP/Wolfram_PaperPack/RESEARCHER_BUNDLE/.lake/build/ir/HeytingLean/WPP/Wolfram/RewriteFresh.setup.json --json",
   "level": "trace"}],
 "inputs":
 [["HeytingLean.WPP.Wolfram.RewriteFresh:deps",
   [["deps",
     [["WolframBundle/HeytingLean:extraDep",
       [["@WolframBundle:extraDep", "1723"]]],
      ["imports",
       [["Mathlib.Data.Fin.Basic transitive imports (legacy)",
         "2437008434033916713"],
        ["Mathlib.Data.Fin.Basic:importAllArts", "1196718791690260464"],
        ["Mathlib.Data.Fintype.Basic transitive imports (legacy)",
         "5289369811764279012"],
        ["Mathlib.Data.Fintype.Basic:importAllArts", "5247440009258146816"],
        ["Mathlib.Data.Finset.Image transitive imports (legacy)",
         "16658666446243003964"],
        ["Mathlib.Data.Finset.Image:importAllArts", "14586328444791506810"],
        ["Mathlib.Data.List.Nodup transitive imports (legacy)",
         "12983397833981480837"],
        ["Mathlib.Data.List.Nodup:importAllArts", "11713873153013263937"],
        ["Mathlib.Logic.Equiv.Basic transitive imports (legacy)",
         "5865145016700547702"],
        ["Mathlib.Logic.Equiv.Basic:importAllArts", "12772075082515884300"],
        ["Mathlib.Data.Multiset.AddSub transitive imports (legacy)",
         "4263504748720306775"],
        ["Mathlib.Data.Multiset.AddSub:importAllArts", "5755041188293309014"],
        ["HeytingLean.WPP.Wolfram.FreshSupply transitive imports (legacy)",
         "775953600371764584"],
        ["HeytingLean.WPP.Wolfram.FreshSupply:importAllArts",
         "5888215134436790417"],
        ["HeytingLean.WPP.Wolfram.Hypergraph transitive imports (legacy)",
         "14297703233297937491"],
        ["HeytingLean.WPP.Wolfram.Hypergraph:importAllArts",
         "10037603719184502866"]]]]],
    ["libs",
     [["import dynlibs", "1723"],
      ["package external libraries", "1723"],
      ["module dynlibs", "1723"],
      ["module plugins", "1723"]]]]],
  ["Lean 4.24.0, commit 797c613eb9b6d4ec95db23e3e00af9ac6657f24b",
   "1165570713881806064"],
  ["/home/stepanie/Downloads/heyting-surreal/WIP/Wolfram_PaperPack/RESEARCHER_BUNDLE/HeytingLean/WPP/Wolfram/RewriteFresh.lean",
   "8236738959797785174"],
  ["options", "1723"],
  ["Module.leanArgs: #[]", "1723"]],
 "depHash": "16802243542851674478"}