{"synthetic": false,
 "outputs":
 {"o": ["15305950631635192805"],
  "i": "1302628141153007907",
  "c": "204643233008214168"},
 "log":
 [{"message":
   ".> LEAN_PATH=/home/stepanie/Downloads/heyting-surreal/WIP/Wolfram_PaperPack/RESEARCHER_BUNDLE/.lake/packages/Cli/.lake/build/lib/lean:/home/stepanie/Downloads/heyting-surreal/WIP/Wolfram_PaperPack/RESEARCHER_BUNDLE/.lake/packages/mathlib/.lake/build/lib/lean:/home/stepanie/Downloads/heyting-surreal/WIP/Wolfram_PaperPack/RESEARCHER_BUNDLE/.lake/packages/plausible/.lake/build/lib/lean:/home/stepanie/Downloads/heyting-surreal/WIP/Wolfram_PaperPack/RESEARCHER_BUNDLE/.lake/packages/LeanSearchClient/.lake/build/lib/lean:/home/stepanie/Downloads/heyting-surreal/WIP/Wolfram_PaperPack/RESEARCHER_BUNDLE/.lake/packages/importGraph/.lake/build/lib/lean:/home/stepanie/Downloads/heyting-surreal/WIP/Wolfram_PaperPack/RESEARCHER_BUNDLE/.lake/packages/proofwidgets/.lake/build/lib/lean:/home/stepanie/Downloads/heyting-surreal/WIP/Wolfram_PaperPack/RESEARCHER_BUNDLE/.lake/packages/aesop/.lake/build/lib/lean:/home/stepanie/Downloads/heyting-surreal/WIP/Wolfram_PaperPack/RESEARCHER_BUNDLE/.lake/packages/Qq/.lake/build/lib/lean:/home/stepanie/Downloads/heyting-surreal/WIP/Wolfram_PaperPack/RESEARCHER_BUNDLE/.lake/packages/batteries/.lake/build/lib/lean:/home/stepanie/Downloads/heyting-surreal/WIP/Wolfram_PaperPack/RESEARCHER_BUNDLE/.lake/build/lib/lean /home/stepanie/.elan/toolchains/leanprover--lean4---v4.24.0/bin/lean /home/stepanie/Downloads/heyting-surreal/WIP/Wolfram_PaperPack/RESEARCHER_BUNDLE/HeytingLean/C/Emit.lean -o /home/stepanie/Downloads/heyting-surreal/WIP/Wolfram_PaperPack/RESEARCHER_BUNDLE/.lake/build/lib/lean/HeytingLean/C/Emit.olean -i /home/stepanie/Downloads/heyting-surreal/WIP/Wolfram_PaperPack/RESEARCHER_BUNDLE/.lake/build/lib/lean/HeytingLean/C/Emit.ilean -c /home/stepanie/Downloads/heyting-surreal/WIP/Wolfram_PaperPack/RESEARCHER_BUNDLE/.lake/build/ir/HeytingLean/C/Emit.c --setup /home/stepanie/Downloads/heyting-surreal/WIP/Wolfram_PaperPack/RESEARCHER_BUNDLE/.lake/build/ir/HeytingLean/C/Emit.setup.json --json",
   "level": "trace"}],
 "inputs":
 [["HeytingLean.C.Emit:deps",
   [["deps",
     [["WolframBundle/HeytingLean:extraDep",
       [["@WolframBundle:extraDep", "1723"]]],
      ["imports",
       [["HeytingLean.C.Syntax transitive imports (legacy)", "1723"],
        ["HeytingLean.C.Syntax:importAllArts", "2994730653354517848"]]]]],
    ["libs",
     [["import dynlibs", "1723"],
      ["package external libraries", "1723"],
      ["module dynlibs", "1723"],
      ["module plugins", "1723"]]]]],
  ["Lean 4.24.0, commit 797c613eb9b6d4ec95db23e3e00af9ac6657f24b",
   "1165570713881806064"],
  ["/home/stepanie/Downloads/heyting-surreal/WIP/Wolfram_PaperPack/RESEARCHER_BUNDLE/HeytingLean/C/Emit.lean",
   "16858346152603723356"],
  ["options", "1723"],
  ["Module.leanArgs: #[]", "1723"]],
 "depHash": "17360073719249284665"}